{"/home/tiohs/Documentos/GitHub/Template/SETUP - NODETEMPLATE/src/index.ts": {"path":"/home/tiohs/Documentos/GitHub/Template/SETUP - NODETEMPLATE/src/index.ts","statementMap":{"0":{"start":{"line":3,"column":4},"end":{"line":3,"column":22}},"1":{"start":{"line":1,"column":0},"end":{"line":1,"column":21}}},"fnMap":{"0":{"name":"(anonymous_0)","decl":{"start":{"line":2,"column":9},"end":{"line":2,"column":18}},"loc":{"start":{"line":2,"column":18},"end":{"line":4,"column":3}}}},"branchMap":{},"s":{"0":1,"1":1},"f":{"0":1},"b":{}}
}
